Arguments: 
  /usr/local/bin/node /Users/chris/.yarn/bin/yarn.js

PATH: 
  /Users/chris/.yarn/bin:/Users/chris/.config/yarn/global/node_modules/.bin:/Users/chris/.cargo/bin:/usr/local/bin:/Users/chris/bin:/usr/bin:/bin:/usr/sbin:/sbin:/Users/chris/Dokumente/chrome:/Applications/VMware Fusion.app/Contents/Public:/usr/local/share/dotnet:~/.dotnet/tools:/Library/Frameworks/Mono.framework/Versions/Current/Commands:/Applications/Wireshark.app/Contents/MacOS:/Applications/Postgres.app/Contents/Versions/latest/bin:/Applications/Xamarin Workbooks.app/Contents/SharedSupport/path-bin:/Users/chris/.yarn/bin:/Users/chris/.config/yarn/global/node_modules/.bin:/Users/chris/.cargo/bin

Yarn version: 
  1.21.1

Node version: 
  10.15.3

Platform: 
  darwin x64

Trace: 
  SyntaxError: /Users/chris/Source/Bancomat-Connector/node/package.json: Unexpected string in JSON at position 125
      at JSON.parse (<anonymous>)
      at /Users/chris/.yarn/lib/cli.js:1625:59
      at Generator.next (<anonymous>)
      at step (/Users/chris/.yarn/lib/cli.js:310:30)
      at /Users/chris/.yarn/lib/cli.js:321:13

npm manifest: 
  {
    "name": "node",
    "version": "1.0.0",
    "description": "",
    "main": "index.js",
    "scripts": {
      "start": "micro"
      "test": "echo \"Error: no test specified\" && exit 1"
    },
    "author": "",
    "license": "ISC",
    "dependencies": {
      "micro": "^9.3.4"
    }
  }

yarn manifest: 
  No manifest

Lockfile: 
  No lockfile
